#
# A fatal error has been detected by the Java Runtime Environment:
#
#  Internal Error (sharedRuntime.cpp:532), pid=68241, tid=9475
#  Error: ShouldNotReachHere()
#
# JRE version: OpenJDK Runtime Environment (16.0.1+9) (build 16.0.1+9)
# Java VM: OpenJDK 64-Bit Server VM (16.0.1+9, mixed mode, tiered, compressed oops, compressed class ptrs, g1 gc, bsd-aarch64)
# No core dump will be written. Core dumps have been disabled. To enable core dumping, try "ulimit -c unlimited" before starting Java again
#
# If you would like to submit a bug report, please visit:
#   https://bell-sw.com/support
#

---------------  S U M M A R Y ------------

Command Line: -Dmaven.multiModuleProjectDirectory=/Users/yoonheesang/Documents/tmax-msa/user-service -Dmaven.home=/Applications/IntelliJ IDEA.app/Contents/plugins/maven/lib/maven3 -Dclassworlds.conf=/Applications/IntelliJ IDEA.app/Contents/plugins/maven/lib/maven3/bin/m2.conf -Dmaven.ext.class.path=/Applications/IntelliJ IDEA.app/Contents/plugins/maven/lib/maven-event-listener.jar -javaagent:/Applications/IntelliJ IDEA.app/Contents/lib/idea_rt.jar=58903:/Applications/IntelliJ IDEA.app/Contents/bin -Dfile.encoding=UTF-8 org.codehaus.classworlds.Launcher -Didea.version=2021.1.3 compile

Host: MacBookAir10,1 arm64 1 MHz, 8 cores, 8G, Darwin 20.6.0, macOS 11.5.1 (20G80)
Time: Fri Aug  6 16:02:32 2021 KST elapsed time: 0.183648 seconds (0d 0h 0m 0s)

---------------  T H R E A D  ---------------

Current thread (0x0000000144809000):  JavaThread "main" [_thread_in_Java, id=9475, stack(0x000000016b08c000,0x000000016b28f000)]

Stack: [0x000000016b08c000,0x000000016b28f000],  sp=0x000000016b28ca20,  free space=2050k
Native frames: (J=compiled Java code, A=aot compiled Java code, j=interpreted, Vv=VM code, C=native code)
V  [libjvm.dylib+0x9bece8]  _ZN7VMError14report_and_dieEiPKcS1_PcP6ThreadPhPvS6_S1_im+0x46c
V  [libjvm.dylib+0x9bf43c]  _ZN7VMError14report_and_dieEP6ThreadPvPKciS4_S4_Pc+0x40
V  [libjvm.dylib+0x2ab570]  _Z15report_vm_errorPKciS0_S0_z+0x5c
V  [libjvm.dylib+0x2ab744]  _Z28report_should_not_reach_herePKci+0x2c
V  [libjvm.dylib+0x8234d8]  _ZN13SharedRuntime40raw_exception_handler_for_return_addressEP10JavaThreadPh+0x178
V  [libjvm.dylib+0x8235a4]  _ZN13SharedRuntime36exception_handler_for_return_addressEP10JavaThreadPh+0x50
v  ~StubRoutines::forward exception
j  jdk.internal.loader.NativeLibraries$NativeLibraryImpl.open()Z+57 java.base@16.0.1
j  jdk.internal.loader.NativeLibraries.loadLibrary(Ljava/lang/Class;Ljava/lang/String;Z)Ljdk/internal/loader/NativeLibrary;+256 java.base@16.0.1
j  jdk.internal.loader.NativeLibraries.loadLibrary(Ljava/lang/Class;Ljava/io/File;)Ljdk/internal/loader/NativeLibrary;+51 java.base@16.0.1
j  java.lang.ClassLoader.loadLibrary(Ljava/lang/Class;Ljava/io/File;)Ljdk/internal/loader/NativeLibrary;+31 java.base@16.0.1
j  java.lang.Runtime.load0(Ljava/lang/Class;Ljava/lang/String;)V+61 java.base@16.0.1
j  java.lang.System.load(Ljava/lang/String;)V+7 java.base@16.0.1
j  org.fusesource.hawtjni.runtime.Library.load(Ljava/util/ArrayList;Ljava/io/File;)Z+4
j  org.fusesource.hawtjni.runtime.Library.extractAndLoad(Ljava/util/ArrayList;Ljava/lang/String;Ljava/lang/String;Ljava/lang/String;Ljava/lang/String;)Z+253
j  org.fusesource.hawtjni.runtime.Library.doLoad()V+412
j  org.fusesource.hawtjni.runtime.Library.load()V+9
j  org.fusesource.jansi.internal.CLibrary.<clinit>()V+17
v  ~StubRoutines::call_stub
V  [libjvm.dylib+0x441fd4]  _ZN9JavaCalls11call_helperEP9JavaValueRK12methodHandleP17JavaCallArgumentsP6Thread+0x3a8
V  [libjvm.dylib+0x422ea4]  _ZN13InstanceKlass22call_class_initializerEP6Thread+0x1e8
V  [libjvm.dylib+0x4225d0]  _ZN13InstanceKlass15initialize_implEP6Thread+0x57c
V  [libjvm.dylib+0x665b70]  _ZN12LinkResolver13resolve_fieldER15fieldDescriptorRK8LinkInfoN9Bytecodes4CodeEbP6Thread+0x2d4
V  [libjvm.dylib+0x665880]  _ZN12LinkResolver20resolve_field_accessER15fieldDescriptorRK18constantPoolHandleiRK12methodHandleN9Bytecodes4CodeEP6Thread+0x50
V  [libjvm.dylib+0x439fa8]  _ZN18InterpreterRuntime15resolve_get_putEP10JavaThreadN9Bytecodes4CodeE+0x170
V  [libjvm.dylib+0x43b454]  _ZN18InterpreterRuntime18resolve_from_cacheEP10JavaThreadN9Bytecodes4CodeE+0x78
j  org.fusesource.jansi.AnsiConsole.wrapSystemOut(Ljava/io/PrintStream;)Ljava/io/PrintStream;+1
j  org.fusesource.jansi.AnsiConsole.<clinit>()V+130
v  ~StubRoutines::call_stub
V  [libjvm.dylib+0x441fd4]  _ZN9JavaCalls11call_helperEP9JavaValueRK12methodHandleP17JavaCallArgumentsP6Thread+0x3a8
V  [libjvm.dylib+0x422ea4]  _ZN13InstanceKlass22call_class_initializerEP6Thread+0x1e8
V  [libjvm.dylib+0x4225d0]  _ZN13InstanceKlass15initialize_implEP6Thread+0x57c
V  [libjvm.dylib+0x665f34]  _ZN12LinkResolver19resolve_static_callER8CallInfoRK8LinkInfobP6Thread+0x78
V  [libjvm.dylib+0x667f0c]  _ZN12LinkResolver14resolve_invokeER8CallInfo6HandleRK18constantPoolHandleiN9Bytecodes4CodeEP6Thread+0xac
V  [libjvm.dylib+0x43ae5c]  _ZN18InterpreterRuntime14resolve_invokeEP10JavaThreadN9Bytecodes4CodeE+0x29c
V  [libjvm.dylib+0x43b474]  _ZN18InterpreterRuntime18resolve_from_cacheEP10JavaThreadN9Bytecodes4CodeE+0x98
j  org.apache.maven.shared.utils.logging.MessageUtils.systemInstall()V+6
j  org.apache.maven.cli.MavenCli.main([Ljava/lang/String;Lorg/codehaus/plexus/classworlds/ClassWorld;)I+8
v  ~StubRoutines::call_stub
V  [libjvm.dylib+0x441fd4]  _ZN9JavaCalls11call_helperEP9JavaValueRK12methodHandleP17JavaCallArgumentsP6Thread+0x3a8
V  [libjvm.dylib+0x8003e8]  _ZL6invokeP13InstanceKlassRK12methodHandle6Handleb14objArrayHandle9BasicTypeS5_bP6Thread+0x914
V  [libjvm.dylib+0x7ffa5c]  _ZN10Reflection13invoke_methodEP7oopDesc6Handle14objArrayHandleP6Thread+0x150
V  [libjvm.dylib+0x500094]  JVM_InvokeMethod+0x380
j  jdk.internal.reflect.NativeMethodAccessorImpl.invoke0(Ljava/lang/reflect/Method;Ljava/lang/Object;[Ljava/lang/Object;)Ljava/lang/Object;+0 java.base@16.0.1
j  jdk.internal.reflect.NativeMethodAccessorImpl.invoke(Ljava/lang/Object;[Ljava/lang/Object;)Ljava/lang/Object;+146 java.base@16.0.1
j  jdk.internal.reflect.DelegatingMethodAccessorImpl.invoke(Ljava/lang/Object;[Ljava/lang/Object;)Ljava/lang/Object;+6 java.base@16.0.1
j  java.lang.reflect.Method.invoke(Ljava/lang/Object;[Ljava/lang/Object;)Ljava/lang/Object;+59 java.base@16.0.1
j  org.codehaus.plexus.classworlds.launcher.Launcher.launchEnhanced([Ljava/lang/String;)V+45
j  org.codehaus.plexus.classworlds.launcher.Launcher.launch([Ljava/lang/String;)V+2
j  org.codehaus.plexus.classworlds.launcher.Launcher.mainWithExitCode([Ljava/lang/String;)I+101
j  org.codehaus.plexus.classworlds.launcher.Launcher.main([Ljava/lang/String;)V+1
j  org.codehaus.classworlds.Launcher.main([Ljava/lang/String;)V+1
v  ~StubRoutines::call_stub
V  [libjvm.dylib+0x441fd4]  _ZN9JavaCalls11call_helperEP9JavaValueRK12methodHandleP17JavaCallArgumentsP6Thread+0x3a8
V  [libjvm.dylib+0x4a5488]  _ZL17jni_invoke_staticP7JNIEnv_P9JavaValueP8_jobject11JNICallTypeP10_jmethodIDP18JNI_ArgumentPusherP6Thread+0x120
V  [libjvm.dylib+0x4a8edc]  jni_CallStaticVoidMethod+0x148
C  [libjli.dylib+0x5430]  JavaMain+0x9d4
C  [libjli.dylib+0x778c]  ThreadJavaMain+0xc
C  [libsystem_pthread.dylib+0x7878]  _pthread_start+0x140


---------------  P R O C E S S  ---------------

Threads class SMR info:
_java_thread_list=0x00000001436629e0, length=12, elements={
0x0000000144809000, 0x0000000143809e00, 0x000000014380f200, 0x0000000143810600,
0x0000000143811200, 0x000000014500d400, 0x000000014500da00, 0x0000000135008200,
0x000000014500e000, 0x00000001448a0a00, 0x000000014381d800, 0x000000014381de00
}

Java Threads: ( => current thread )
=>0x0000000144809000 JavaThread "main" [_thread_in_Java, id=9475, stack(0x000000016b08c000,0x000000016b28f000)]
  0x0000000143809e00 JavaThread "Reference Handler" daemon [_thread_blocked, id=14083, stack(0x000000016bee0000,0x000000016c0e3000)]
  0x000000014380f200 JavaThread "Finalizer" daemon [_thread_blocked, id=14595, stack(0x000000016c0ec000,0x000000016c2ef000)]
  0x0000000143810600 JavaThread "Signal Dispatcher" daemon [_thread_blocked, id=42755, stack(0x000000016c410000,0x000000016c613000)]
  0x0000000143811200 JavaThread "Service Thread" daemon [_thread_blocked, id=23299, stack(0x000000016c61c000,0x000000016c81f000)]
  0x000000014500d400 JavaThread "Monitor Deflation Thread" daemon [_thread_blocked, id=23555, stack(0x000000016c828000,0x000000016ca2b000)]
  0x000000014500da00 JavaThread "C2 CompilerThread0" daemon [_thread_blocked, id=41987, stack(0x000000016ca34000,0x000000016cc37000)]
  0x0000000135008200 JavaThread "C1 CompilerThread0" daemon [_thread_blocked, id=41475, stack(0x000000016cc40000,0x000000016ce43000)]
  0x000000014500e000 JavaThread "Sweeper thread" daemon [_thread_blocked, id=40963, stack(0x000000016ce4c000,0x000000016d04f000)]
  0x00000001448a0a00 JavaThread "Common-Cleaner" daemon [_thread_blocked, id=40707, stack(0x000000016d058000,0x000000016d25b000)]
  0x000000014381d800 JavaThread "Monitor Ctrl-Break" daemon [_thread_in_native, id=24067, stack(0x000000016d264000,0x000000016d467000)]
  0x000000014381de00 JavaThread "Notification Thread" daemon [_thread_blocked, id=24579, stack(0x000000016d470000,0x000000016d673000)]

Other Threads:
  0x000000014362d020 VMThread "VM Thread" [stack: 0x000000016bcd4000,0x000000016bed7000] [id=16899]
  0x0000000143663210 WatcherThread [stack: 0x000000016d67c000,0x000000016d87f000] [id=39939]
  0x0000000144016000 GCTaskThread "GC Thread#0" [stack: 0x000000016b298000,0x000000016b49b000] [id=19459]
  0x0000000144016f90 ConcurrentGCThread "G1 Main Marker" [stack: 0x000000016b4a4000,0x000000016b6a7000] [id=19203]
  0x0000000144017e90 ConcurrentGCThread "G1 Conc#0" [stack: 0x000000016b6b0000,0x000000016b8b3000] [id=18691]
  0x0000000144033e70 ConcurrentGCThread "G1 Refine#0" [stack: 0x000000016b8bc000,0x000000016babf000] [id=13059]
  0x0000000144034d40 ConcurrentGCThread "G1 Service" [stack: 0x000000016bac8000,0x000000016bccb000] [id=13315]

Threads with active compile tasks:

VM state: not at safepoint (normal execution)

VM Mutex/Monitor currently owned by a thread: None

Heap address: 0x0000000740000000, size: 2048 MB, Compressed Oops mode: Zero based, Oop shift amount: 3

Compressed class space mapped at: 0x0000000300000000-0x0000000340000000, reserved size: 1073741824
Narrow klass base: 0x0000000000000000, Narrow klass shift: 3, Narrow klass range: 0x340000000

GC Precious Log:
 CPUs: 8 total, 8 available
 Memory: 8192M
 Large Page Support: Disabled
 NUMA Support: Disabled
 Compressed Oops: Enabled (Zero based)
 Heap Region Size: 1M
 Heap Min Capacity: 8M
 Heap Initial Capacity: 128M
 Heap Max Capacity: 2G
 Pre-touch: Disabled
 Parallel Workers: 8
 Concurrent Workers: 2
 Concurrent Refinement Workers: 8
 Periodic GC: Disabled

Heap:
 garbage-first heap   total 131072K, used 5120K [0x0000000740000000, 0x00000007c0000000)
  region size 1024K, 7 young (7168K), 0 survivors (0K)
 Metaspace       used 8370K, committed 8576K, reserved 1056768K
  class space    used 743K, committed 832K, reserved 1048576K

Heap Regions: E=young(eden), S=young(survivor), O=old, HS=humongous(starts), HC=humongous(continues), CS=collection set, F=free, OA=open archive, CA=closed archive, TAMS=top-at-mark-start (previous, next)
|   0|0x0000000740000000, 0x0000000740000000, 0x0000000740100000|  0%| F|  |TAMS 0x0000000740000000, 0x0000000740000000| Untracked 
|   1|0x0000000740100000, 0x0000000740100000, 0x0000000740200000|  0%| F|  |TAMS 0x0000000740100000, 0x0000000740100000| Untracked 
|   2|0x0000000740200000, 0x0000000740200000, 0x0000000740300000|  0%| F|  |TAMS 0x0000000740200000, 0x0000000740200000| Untracked 
|   3|0x0000000740300000, 0x0000000740300000, 0x0000000740400000|  0%| F|  |TAMS 0x0000000740300000, 0x0000000740300000| Untracked 
|   4|0x0000000740400000, 0x0000000740400000, 0x0000000740500000|  0%| F|  |TAMS 0x0000000740400000, 0x0000000740400000| Untracked 
|   5|0x0000000740500000, 0x0000000740500000, 0x0000000740600000|  0%| F|  |TAMS 0x0000000740500000, 0x0000000740500000| Untracked 
|   6|0x0000000740600000, 0x0000000740600000, 0x0000000740700000|  0%| F|  |TAMS 0x0000000740600000, 0x0000000740600000| Untracked 
|   7|0x0000000740700000, 0x0000000740700000, 0x0000000740800000|  0%| F|  |TAMS 0x0000000740700000, 0x0000000740700000| Untracked 
|   8|0x0000000740800000, 0x0000000740800000, 0x0000000740900000|  0%| F|  |TAMS 0x0000000740800000, 0x0000000740800000| Untracked 
|   9|0x0000000740900000, 0x0000000740900000, 0x0000000740a00000|  0%| F|  |TAMS 0x0000000740900000, 0x0000000740900000| Untracked 
|  10|0x0000000740a00000, 0x0000000740a00000, 0x0000000740b00000|  0%| F|  |TAMS 0x0000000740a00000, 0x0000000740a00000| Untracked 
|  11|0x0000000740b00000, 0x0000000740b00000, 0x0000000740c00000|  0%| F|  |TAMS 0x0000000740b00000, 0x0000000740b00000| Untracked 
|  12|0x0000000740c00000, 0x0000000740c00000, 0x0000000740d00000|  0%| F|  |TAMS 0x0000000740c00000, 0x0000000740c00000| Untracked 
|  13|0x0000000740d00000, 0x0000000740d00000, 0x0000000740e00000|  0%| F|  |TAMS 0x0000000740d00000, 0x0000000740d00000| Untracked 
|  14|0x0000000740e00000, 0x0000000740e00000, 0x0000000740f00000|  0%| F|  |TAMS 0x0000000740e00000, 0x0000000740e00000| Untracked 
|  15|0x0000000740f00000, 0x0000000740f00000, 0x0000000741000000|  0%| F|  |TAMS 0x0000000740f00000, 0x0000000740f00000| Untracked 
|  16|0x0000000741000000, 0x0000000741000000, 0x0000000741100000|  0%| F|  |TAMS 0x0000000741000000, 0x0000000741000000| Untracked 
|  17|0x0000000741100000, 0x0000000741100000, 0x0000000741200000|  0%| F|  |TAMS 0x0000000741100000, 0x0000000741100000| Untracked 
|  18|0x0000000741200000, 0x0000000741200000, 0x0000000741300000|  0%| F|  |TAMS 0x0000000741200000, 0x0000000741200000| Untracked 
|  19|0x0000000741300000, 0x0000000741300000, 0x0000000741400000|  0%| F|  |TAMS 0x0000000741300000, 0x0000000741300000| Untracked 
|  20|0x0000000741400000, 0x0000000741400000, 0x0000000741500000|  0%| F|  |TAMS 0x0000000741400000, 0x0000000741400000| Untracked 
|  21|0x0000000741500000, 0x0000000741500000, 0x0000000741600000|  0%| F|  |TAMS 0x0000000741500000, 0x0000000741500000| Untracked 
|  22|0x0000000741600000, 0x0000000741600000, 0x0000000741700000|  0%| F|  |TAMS 0x0000000741600000, 0x0000000741600000| Untracked 
|  23|0x0000000741700000, 0x0000000741700000, 0x0000000741800000|  0%| F|  |TAMS 0x0000000741700000, 0x0000000741700000| Untracked 
|  24|0x0000000741800000, 0x0000000741800000, 0x0000000741900000|  0%| F|  |TAMS 0x0000000741800000, 0x0000000741800000| Untracked 
|  25|0x0000000741900000, 0x0000000741900000, 0x0000000741a00000|  0%| F|  |TAMS 0x0000000741900000, 0x0000000741900000| Untracked 
|  26|0x0000000741a00000, 0x0000000741a00000, 0x0000000741b00000|  0%| F|  |TAMS 0x0000000741a00000, 0x0000000741a00000| Untracked 
|  27|0x0000000741b00000, 0x0000000741b00000, 0x0000000741c00000|  0%| F|  |TAMS 0x0000000741b00000, 0x0000000741b00000| Untracked 
|  28|0x0000000741c00000, 0x0000000741c00000, 0x0000000741d00000|  0%| F|  |TAMS 0x0000000741c00000, 0x0000000741c00000| Untracked 
|  29|0x0000000741d00000, 0x0000000741d00000, 0x0000000741e00000|  0%| F|  |TAMS 0x0000000741d00000, 0x0000000741d00000| Untracked 
|  30|0x0000000741e00000, 0x0000000741e00000, 0x0000000741f00000|  0%| F|  |TAMS 0x0000000741e00000, 0x0000000741e00000| Untracked 
|  31|0x0000000741f00000, 0x0000000741f00000, 0x0000000742000000|  0%| F|  |TAMS 0x0000000741f00000, 0x0000000741f00000| Untracked 
|  32|0x0000000742000000, 0x0000000742000000, 0x0000000742100000|  0%| F|  |TAMS 0x0000000742000000, 0x0000000742000000| Untracked 
|  33|0x0000000742100000, 0x0000000742100000, 0x0000000742200000|  0%| F|  |TAMS 0x0000000742100000, 0x0000000742100000| Untracked 
|  34|0x0000000742200000, 0x0000000742200000, 0x0000000742300000|  0%| F|  |TAMS 0x0000000742200000, 0x0000000742200000| Untracked 
|  35|0x0000000742300000, 0x0000000742300000, 0x0000000742400000|  0%| F|  |TAMS 0x0000000742300000, 0x0000000742300000| Untracked 
|  36|0x0000000742400000, 0x0000000742400000, 0x0000000742500000|  0%| F|  |TAMS 0x0000000742400000, 0x0000000742400000| Untracked 
|  37|0x0000000742500000, 0x0000000742500000, 0x0000000742600000|  0%| F|  |TAMS 0x0000000742500000, 0x0000000742500000| Untracked 
|  38|0x0000000742600000, 0x0000000742600000, 0x0000000742700000|  0%| F|  |TAMS 0x0000000742600000, 0x0000000742600000| Untracked 
|  39|0x0000000742700000, 0x0000000742700000, 0x0000000742800000|  0%| F|  |TAMS 0x0000000742700000, 0x0000000742700000| Untracked 
|  40|0x0000000742800000, 0x0000000742800000, 0x0000000742900000|  0%| F|  |TAMS 0x0000000742800000, 0x0000000742800000| Untracked 
|  41|0x0000000742900000, 0x0000000742900000, 0x0000000742a00000|  0%| F|  |TAMS 0x0000000742900000, 0x0000000742900000| Untracked 
|  42|0x0000000742a00000, 0x0000000742a00000, 0x0000000742b00000|  0%| F|  |TAMS 0x0000000742a00000, 0x0000000742a00000| Untracked 
|  43|0x0000000742b00000, 0x0000000742b00000, 0x0000000742c00000|  0%| F|  |TAMS 0x0000000742b00000, 0x0000000742b00000| Untracked 
|  44|0x0000000742c00000, 0x0000000742c00000, 0x0000000742d00000|  0%| F|  |TAMS 0x0000000742c00000, 0x0000000742c00000| Untracked 
|  45|0x0000000742d00000, 0x0000000742d00000, 0x0000000742e00000|  0%| F|  |TAMS 0x0000000742d00000, 0x0000000742d00000| Untracked 
|  46|0x0000000742e00000, 0x0000000742e00000, 0x0000000742f00000|  0%| F|  |TAMS 0x0000000742e00000, 0x0000000742e00000| Untracked 
|  47|0x0000000742f00000, 0x0000000742f00000, 0x0000000743000000|  0%| F|  |TAMS 0x0000000742f00000, 0x0000000742f00000| Untracked 
|  48|0x0000000743000000, 0x0000000743000000, 0x0000000743100000|  0%| F|  |TAMS 0x0000000743000000, 0x0000000743000000| Untracked 
|  49|0x0000000743100000, 0x0000000743100000, 0x0000000743200000|  0%| F|  |TAMS 0x0000000743100000, 0x0000000743100000| Untracked 
|  50|0x0000000743200000, 0x0000000743200000, 0x0000000743300000|  0%| F|  |TAMS 0x0000000743200000, 0x0000000743200000| Untracked 
|  51|0x0000000743300000, 0x0000000743300000, 0x0000000743400000|  0%| F|  |TAMS 0x0000000743300000, 0x0000000743300000| Untracked 
|  52|0x0000000743400000, 0x0000000743400000, 0x0000000743500000|  0%| F|  |TAMS 0x0000000743400000, 0x0000000743400000| Untracked 
|  53|0x0000000743500000, 0x0000000743500000, 0x0000000743600000|  0%| F|  |TAMS 0x0000000743500000, 0x0000000743500000| Untracked 
|  54|0x0000000743600000, 0x0000000743600000, 0x0000000743700000|  0%| F|  |TAMS 0x0000000743600000, 0x0000000743600000| Untracked 
|  55|0x0000000743700000, 0x0000000743700000, 0x0000000743800000|  0%| F|  |TAMS 0x0000000743700000, 0x0000000743700000| Untracked 
|  56|0x0000000743800000, 0x0000000743800000, 0x0000000743900000|  0%| F|  |TAMS 0x0000000743800000, 0x0000000743800000| Untracked 
|  57|0x0000000743900000, 0x0000000743900000, 0x0000000743a00000|  0%| F|  |TAMS 0x0000000743900000, 0x0000000743900000| Untracked 
|  58|0x0000000743a00000, 0x0000000743a00000, 0x0000000743b00000|  0%| F|  |TAMS 0x0000000743a00000, 0x0000000743a00000| Untracked 
|  59|0x0000000743b00000, 0x0000000743b00000, 0x0000000743c00000|  0%| F|  |TAMS 0x0000000743b00000, 0x0000000743b00000| Untracked 
|  60|0x0000000743c00000, 0x0000000743c00000, 0x0000000743d00000|  0%| F|  |TAMS 0x0000000743c00000, 0x0000000743c00000| Untracked 
|  61|0x0000000743d00000, 0x0000000743d00000, 0x0000000743e00000|  0%| F|  |TAMS 0x0000000743d00000, 0x0000000743d00000| Untracked 
|  62|0x0000000743e00000, 0x0000000743e00000, 0x0000000743f00000|  0%| F|  |TAMS 0x0000000743e00000, 0x0000000743e00000| Untracked 
|  63|0x0000000743f00000, 0x0000000743f00000, 0x0000000744000000|  0%| F|  |TAMS 0x0000000743f00000, 0x0000000743f00000| Untracked 
|  64|0x0000000744000000, 0x0000000744000000, 0x0000000744100000|  0%| F|  |TAMS 0x0000000744000000, 0x0000000744000000| Untracked 
|  65|0x0000000744100000, 0x0000000744100000, 0x0000000744200000|  0%| F|  |TAMS 0x0000000744100000, 0x0000000744100000| Untracked 
|  66|0x0000000744200000, 0x0000000744200000, 0x0000000744300000|  0%| F|  |TAMS 0x0000000744200000, 0x0000000744200000| Untracked 
|  67|0x0000000744300000, 0x0000000744300000, 0x0000000744400000|  0%| F|  |TAMS 0x0000000744300000, 0x0000000744300000| Untracked 
|  68|0x0000000744400000, 0x0000000744400000, 0x0000000744500000|  0%| F|  |TAMS 0x0000000744400000, 0x0000000744400000| Untracked 
|  69|0x0000000744500000, 0x0000000744500000, 0x0000000744600000|  0%| F|  |TAMS 0x0000000744500000, 0x0000000744500000| Untracked 
|  70|0x0000000744600000, 0x0000000744600000, 0x0000000744700000|  0%| F|  |TAMS 0x0000000744600000, 0x0000000744600000| Untracked 
|  71|0x0000000744700000, 0x0000000744700000, 0x0000000744800000|  0%| F|  |TAMS 0x0000000744700000, 0x0000000744700000| Untracked 
|  72|0x0000000744800000, 0x0000000744800000, 0x0000000744900000|  0%| F|  |TAMS 0x0000000744800000, 0x0000000744800000| Untracked 
|  73|0x0000000744900000, 0x0000000744900000, 0x0000000744a00000|  0%| F|  |TAMS 0x0000000744900000, 0x0000000744900000| Untracked 
|  74|0x0000000744a00000, 0x0000000744a00000, 0x0000000744b00000|  0%| F|  |TAMS 0x0000000744a00000, 0x0000000744a00000| Untracked 
|  75|0x0000000744b00000, 0x0000000744b00000, 0x0000000744c00000|  0%| F|  |TAMS 0x0000000744b00000, 0x0000000744b00000| Untracked 
|  76|0x0000000744c00000, 0x0000000744c00000, 0x0000000744d00000|  0%| F|  |TAMS 0x0000000744c00000, 0x0000000744c00000| Untracked 
|  77|0x0000000744d00000, 0x0000000744d00000, 0x0000000744e00000|  0%| F|  |TAMS 0x0000000744d00000, 0x0000000744d00000| Untracked 
|  78|0x0000000744e00000, 0x0000000744e00000, 0x0000000744f00000|  0%| F|  |TAMS 0x0000000744e00000, 0x0000000744e00000| Untracked 
|  79|0x0000000744f00000, 0x0000000744f00000, 0x0000000745000000|  0%| F|  |TAMS 0x0000000744f00000, 0x0000000744f00000| Untracked 
|  80|0x0000000745000000, 0x0000000745000000, 0x0000000745100000|  0%| F|  |TAMS 0x0000000745000000, 0x0000000745000000| Untracked 
|  81|0x0000000745100000, 0x0000000745100000, 0x0000000745200000|  0%| F|  |TAMS 0x0000000745100000, 0x0000000745100000| Untracked 
|  82|0x0000000745200000, 0x0000000745200000, 0x0000000745300000|  0%| F|  |TAMS 0x0000000745200000, 0x0000000745200000| Untracked 
|  83|0x0000000745300000, 0x0000000745300000, 0x0000000745400000|  0%| F|  |TAMS 0x0000000745300000, 0x0000000745300000| Untracked 
|  84|0x0000000745400000, 0x0000000745400000, 0x0000000745500000|  0%| F|  |TAMS 0x0000000745400000, 0x0000000745400000| Untracked 
|  85|0x0000000745500000, 0x0000000745500000, 0x0000000745600000|  0%| F|  |TAMS 0x0000000745500000, 0x0000000745500000| Untracked 
|  86|0x0000000745600000, 0x0000000745600000, 0x0000000745700000|  0%| F|  |TAMS 0x0000000745600000, 0x0000000745600000| Untracked 
|  87|0x0000000745700000, 0x0000000745700000, 0x0000000745800000|  0%| F|  |TAMS 0x0000000745700000, 0x0000000745700000| Untracked 
|  88|0x0000000745800000, 0x0000000745800000, 0x0000000745900000|  0%| F|  |TAMS 0x0000000745800000, 0x0000000745800000| Untracked 
|  89|0x0000000745900000, 0x0000000745900000, 0x0000000745a00000|  0%| F|  |TAMS 0x0000000745900000, 0x0000000745900000| Untracked 
|  90|0x0000000745a00000, 0x0000000745a00000, 0x0000000745b00000|  0%| F|  |TAMS 0x0000000745a00000, 0x0000000745a00000| Untracked 
|  91|0x0000000745b00000, 0x0000000745b00000, 0x0000000745c00000|  0%| F|  |TAMS 0x0000000745b00000, 0x0000000745b00000| Untracked 
|  92|0x0000000745c00000, 0x0000000745c00000, 0x0000000745d00000|  0%| F|  |TAMS 0x0000000745c00000, 0x0000000745c00000| Untracked 
|  93|0x0000000745d00000, 0x0000000745d00000, 0x0000000745e00000|  0%| F|  |TAMS 0x0000000745d00000, 0x0000000745d00000| Untracked 
|  94|0x0000000745e00000, 0x0000000745e00000, 0x0000000745f00000|  0%| F|  |TAMS 0x0000000745e00000, 0x0000000745e00000| Untracked 
|  95|0x0000000745f00000, 0x0000000745f00000, 0x0000000746000000|  0%| F|  |TAMS 0x0000000745f00000, 0x0000000745f00000| Untracked 
|  96|0x0000000746000000, 0x0000000746000000, 0x0000000746100000|  0%| F|  |TAMS 0x0000000746000000, 0x0000000746000000| Untracked 
|  97|0x0000000746100000, 0x0000000746100000, 0x0000000746200000|  0%| F|  |TAMS 0x0000000746100000, 0x0000000746100000| Untracked 
|  98|0x0000000746200000, 0x0000000746200000, 0x0000000746300000|  0%| F|  |TAMS 0x0000000746200000, 0x0000000746200000| Untracked 
|  99|0x0000000746300000, 0x0000000746300000, 0x0000000746400000|  0%| F|  |TAMS 0x0000000746300000, 0x0000000746300000| Untracked 
| 100|0x0000000746400000, 0x0000000746400000, 0x0000000746500000|  0%| F|  |TAMS 0x0000000746400000, 0x0000000746400000| Untracked 
| 101|0x0000000746500000, 0x0000000746500000, 0x0000000746600000|  0%| F|  |TAMS 0x0000000746500000, 0x0000000746500000| Untracked 
| 102|0x0000000746600000, 0x0000000746600000, 0x0000000746700000|  0%| F|  |TAMS 0x0000000746600000, 0x0000000746600000| Untracked 
| 103|0x0000000746700000, 0x0000000746700000, 0x0000000746800000|  0%| F|  |TAMS 0x0000000746700000, 0x0000000746700000| Untracked 
| 104|0x0000000746800000, 0x0000000746800000, 0x0000000746900000|  0%| F|  |TAMS 0x0000000746800000, 0x0000000746800000| Untracked 
| 105|0x0000000746900000, 0x0000000746900000, 0x0000000746a00000|  0%| F|  |TAMS 0x0000000746900000, 0x0000000746900000| Untracked 
| 106|0x0000000746a00000, 0x0000000746a00000, 0x0000000746b00000|  0%| F|  |TAMS 0x0000000746a00000, 0x0000000746a00000| Untracked 
| 107|0x0000000746b00000, 0x0000000746b00000, 0x0000000746c00000|  0%| F|  |TAMS 0x0000000746b00000, 0x0000000746b00000| Untracked 
| 108|0x0000000746c00000, 0x0000000746c00000, 0x0000000746d00000|  0%| F|  |TAMS 0x0000000746c00000, 0x0000000746c00000| Untracked 
| 109|0x0000000746d00000, 0x0000000746d00000, 0x0000000746e00000|  0%| F|  |TAMS 0x0000000746d00000, 0x0000000746d00000| Untracked 
| 110|0x0000000746e00000, 0x0000000746e00000, 0x0000000746f00000|  0%| F|  |TAMS 0x0000000746e00000, 0x0000000746e00000| Untracked 
| 111|0x0000000746f00000, 0x0000000746f00000, 0x0000000747000000|  0%| F|  |TAMS 0x0000000746f00000, 0x0000000746f00000| Untracked 
| 112|0x0000000747000000, 0x0000000747000000, 0x0000000747100000|  0%| F|  |TAMS 0x0000000747000000, 0x0000000747000000| Untracked 
| 113|0x0000000747100000, 0x0000000747100000, 0x0000000747200000|  0%| F|  |TAMS 0x0000000747100000, 0x0000000747100000| Untracked 
| 114|0x0000000747200000, 0x0000000747200000, 0x0000000747300000|  0%| F|  |TAMS 0x0000000747200000, 0x0000000747200000| Untracked 
| 115|0x0000000747300000, 0x0000000747300000, 0x0000000747400000|  0%| F|  |TAMS 0x0000000747300000, 0x0000000747300000| Untracked 
| 116|0x0000000747400000, 0x0000000747400000, 0x0000000747500000|  0%| F|  |TAMS 0x0000000747400000, 0x0000000747400000| Untracked 
| 117|0x0000000747500000, 0x0000000747500000, 0x0000000747600000|  0%| F|  |TAMS 0x0000000747500000, 0x0000000747500000| Untracked 
| 118|0x0000000747600000, 0x0000000747600000, 0x0000000747700000|  0%| F|  |TAMS 0x0000000747600000, 0x0000000747600000| Untracked 
| 119|0x0000000747700000, 0x0000000747700000, 0x0000000747800000|  0%| F|  |TAMS 0x0000000747700000, 0x0000000747700000| Untracked 
| 120|0x0000000747800000, 0x0000000747800000, 0x0000000747900000|  0%| F|  |TAMS 0x0000000747800000, 0x0000000747800000| Untracked 
| 121|0x0000000747900000, 0x00000007479764b0, 0x0000000747a00000| 46%| E|  |TAMS 0x0000000747900000, 0x0000000747900000| Complete 
| 122|0x0000000747a00000, 0x0000000747b00000, 0x0000000747b00000|100%| E|CS|TAMS 0x0000000747a00000, 0x0000000747a00000| Complete 
| 123|0x0000000747b00000, 0x0000000747c00000, 0x0000000747c00000|100%| E|CS|TAMS 0x0000000747b00000, 0x0000000747b00000| Complete 
| 124|0x0000000747c00000, 0x0000000747d00000, 0x0000000747d00000|100%| E|  |TAMS 0x0000000747c00000, 0x0000000747c00000| Complete 
| 125|0x0000000747d00000, 0x0000000747e00000, 0x0000000747e00000|100%| E|CS|TAMS 0x0000000747d00000, 0x0000000747d00000| Complete 
| 126|0x0000000747e00000, 0x0000000747f00000, 0x0000000747f00000|100%| E|CS|TAMS 0x0000000747e00000, 0x0000000747e00000| Complete 
| 127|0x0000000747f00000, 0x0000000748000000, 0x0000000748000000|100%| E|CS|TAMS 0x0000000747f00000, 0x0000000747f00000| Complete 

Card table byte_map: [0x0000000123384000,0x0000000123784000] _byte_map_base: 0x000000011f984000

Marking Bits (Prev, Next): (CMBitMap*) 0x000000014482e010, (CMBitMap*) 0x000000014482e050
 Prev Bits: [0x0000000123b84000, 0x0000000125b84000)
 Next Bits: [0x0000000125b84000, 0x0000000127b84000)

Polling page: 0x0000000104e90000

Metaspace:

Usage:
  Non-class:      7.45 MB used.
      Class:    743.88 KB used.
       Both:      8.17 MB used.

Virtual space:
  Non-class space:        8.00 MB reserved,       7.56 MB ( 95%) committed,  1 nodes.
      Class space:        1.00 GB reserved,     832.00 KB ( <1%) committed,  1 nodes.
              Both:        1.01 GB reserved,       8.38 MB ( <1%) committed. 

Chunk freelists:
   Non-Class:  266.00 KB
       Class:  3.19 MB
        Both:  3.45 MB

MaxMetaspaceSize: 17179869184.00 GB
CompressedClassSpaceSize: 1.00 GB
 - commit_granule_bytes: 65536.
 - commit_granule_words: 8192.
 - virtual_space_node_default_size: 1048576.
 - enlarge_chunks_in_place: 1.
 - new_chunks_are_fully_committed: 0.
 - uncommit_free_chunks: 1.
 - use_allocation_guard: 0.
 - handle_deallocations: 1.


Internal statistics:

num_allocs_failed_limit: 0.
num_arena_births: 80.
num_arena_deaths: 0.
num_vsnodes_births: 2.
num_vsnodes_deaths: 0.
num_space_committed: 134.
num_space_uncommitted: 0.
num_chunks_returned_to_freelist: 0.
num_chunks_taken_from_freelist: 114.
num_chunk_merges: 0.
num_chunk_splits: 71.
num_chunks_enlarged: 51.
num_purges: 0.

CodeHeap 'non-profiled nmethods': size=120032Kb used=151Kb max_used=151Kb free=119880Kb
 bounds [0x000000011be4c000, 0x000000011c0bc000, 0x0000000123384000]
CodeHeap 'profiled nmethods': size=120016Kb used=719Kb max_used=719Kb free=119296Kb
 bounds [0x0000000114918000, 0x0000000114b88000, 0x000000011be4c000]
CodeHeap 'non-nmethods': size=5712Kb used=1082Kb max_used=1103Kb free=4629Kb
 bounds [0x0000000114384000, 0x00000001145f4000, 0x0000000114918000]
 total_blobs=877 nmethods=491 adapters=303
 compilation: enabled
              stopped_count=0, restarted_count=0
 full_count=0

Compilation events (20 events):
Event: 0.176 Thread 0x0000000135008200  473       3       java.util.Objects::nonNull (10 bytes)
Event: 0.176 Thread 0x0000000135008200 nmethod 473 0x00000001149c5310 code [0x00000001149c54c0, 0x00000001149c5628]
Event: 0.176 Thread 0x0000000135008200  479       1       java.lang.invoke.MethodTypeForm::erasedType (5 bytes)
Event: 0.176 Thread 0x0000000135008200 nmethod 479 0x000000011be70590 code [0x000000011be70700, 0x000000011be707e8]
Event: 0.176 Thread 0x0000000135008200  482       1       java.lang.invoke.MethodTypeForm::parameterSlotCount (5 bytes)
Event: 0.176 Thread 0x0000000135008200 nmethod 482 0x000000011be70e90 code [0x000000011be71000, 0x000000011be710e8]
Event: 0.176 Thread 0x0000000135008200  484       3       jdk.internal.org.objectweb.asm.Frame::getAbstractTypeFromDescriptor (415 bytes)
Event: 0.177 Thread 0x0000000135008200 nmethod 484 0x00000001149c5690 code [0x00000001149c5b40, 0x00000001149c7768]
Event: 0.177 Thread 0x0000000135008200  485       3       sun.invoke.util.VerifyAccess::isTypeVisible (118 bytes)
Event: 0.177 Thread 0x0000000135008200 nmethod 485 0x00000001149c8110 code [0x00000001149c8680, 0x00000001149ca728]
Event: 0.177 Thread 0x0000000135008200  487       3       java.lang.invoke.MemberName::getReferenceKind (12 bytes)
Event: 0.178 Thread 0x0000000135008200 nmethod 487 0x00000001149cb110 code [0x00000001149cb2c0, 0x00000001149cb428]
Event: 0.180 Thread 0x0000000135008200  488       3       java.nio.CharBuffer::position (8 bytes)
Event: 0.180 Thread 0x0000000135008200 nmethod 488 0x00000001149cb490 code [0x00000001149cb640, 0x00000001149cb7d8]
Event: 0.180 Thread 0x0000000135008200  489       3       java.nio.CharBuffer::position (6 bytes)
Event: 0.180 Thread 0x0000000135008200 nmethod 489 0x00000001149cb890 code [0x00000001149cba40, 0x00000001149cbc58]
Event: 0.182 Thread 0x000000014500da00  491       4       sun.nio.fs.UnixPath::checkNotNul (16 bytes)
Event: 0.182 Thread 0x000000014500da00 nmethod 491 0x000000011be71910 code [0x000000011be71a80, 0x000000011be71b30]
Event: 0.182 Thread 0x0000000135008200  492       1       java.lang.reflect.Method::getName (5 bytes)
Event: 0.182 Thread 0x0000000135008200 nmethod 492 0x000000011be71c10 code [0x000000011be71d80, 0x000000011be71e68]

GC Heap History (0 events):
No events

Deoptimization events (6 events):
Event: 0.118 Thread 0x0000000144809000 DEOPT PACKING pc=0x000000011496eb34 sp=0x000000016b28d650
Event: 0.118 Thread 0x0000000144809000 DEOPT UNPACKING pc=0x00000001143bdbfc sp=0x000000016b28d470 mode 0
Event: 0.174 Thread 0x0000000144809000 Uncommon trap: trap_request=0xffffff45 fr.pc=0x000000011be595fc relative=0x000000000000063c
Event: 0.174 Thread 0x0000000144809000 Uncommon trap: reason=unstable_if action=reinterpret pc=0x000000011be595fc method=java.util.HashMap.putVal(ILjava/lang/Object;Ljava/lang/Object;ZZ)Ljava/lang/Object; @ 181 c2
Event: 0.174 Thread 0x0000000144809000 DEOPT PACKING pc=0x000000011be595fc sp=0x000000016b28c170
Event: 0.174 Thread 0x0000000144809000 DEOPT UNPACKING pc=0x00000001143bdd9c sp=0x000000016b28c0b0 mode 2

Classes unloaded (0 events):
No events

Classes redefined (0 events):
No events

Internal exceptions (20 events):
Event: 0.064 Thread 0x0000000144809000 Exception <a 'java/lang/NoSuchMethodError'{0x0000000747e237b8}: 'java.lang.Object java.lang.invoke.Invokers$Holder.linkToTargetMethod(java.lang.Object)'> (0x0000000747e237b8) 
thrown [src/hotspot/share/interpreter/linkResolver.cpp, line 790]
Event: 0.066 Thread 0x0000000144809000 Exception <a 'java/lang/NoSuchMethodError'{0x0000000747e308a8}: 'java.lang.Object java.lang.invoke.DirectMethodHandle$Holder.newInvokeSpecial(java.lang.Object, java.lang.Object)'> (0x0000000747e308a8) 
thrown [src/hotspot/share/interpreter/linkResolver.cpp, line 790]
Event: 0.066 Thread 0x0000000144809000 Exception <a 'java/lang/NoSuchMethodError'{0x0000000747e345d0}: 'java.lang.Object java.lang.invoke.DirectMethodHandle$Holder.invokeSpecial(java.lang.Object, java.lang.Object, java.lang.Object)'> (0x0000000747e345d0) 
thrown [src/hotspot/share/interpreter/linkResolver.cpp, line 790]
Event: 0.066 Thread 0x0000000144809000 Exception <a 'java/lang/NoSuchMethodError'{0x0000000747e37ab8}: 'java.lang.Object java.lang.invoke.Invokers$Holder.linkToTargetMethod(java.lang.Object, java.lang.Object)'> (0x0000000747e37ab8) 
thrown [src/hotspot/share/interpreter/linkResolver.cpp, line 790]
Event: 0.066 Thread 0x0000000144809000 Exception <a 'java/lang/NoSuchMethodError'{0x0000000747e3b120}: 'java.lang.Object java.lang.invoke.DirectMethodHandle$Holder.invokeVirtual(java.lang.Object, java.lang.Object)'> (0x0000000747e3b120) 
thrown [src/hotspot/share/interpreter/linkResolver.cpp, line 790]
Event: 0.068 Thread 0x0000000144809000 Exception <a 'java/lang/NoSuchMethodError'{0x0000000747e42440}: 'java.lang.Object java.lang.invoke.DirectMethodHandle$Holder.newInvokeSpecial(java.lang.Object)'> (0x0000000747e42440) 
thrown [src/hotspot/share/interpreter/linkResolver.cpp, line 790]
Event: 0.068 Thread 0x0000000144809000 Exception <a 'java/lang/NoSuchMethodError'{0x0000000747e48130}: 'int java.lang.invoke.DirectMethodHandle$Holder.invokeInterface(java.lang.Object, java.lang.Object, java.lang.Object)'> (0x0000000747e48130) 
thrown [src/hotspot/share/interpreter/linkResolver.cpp, line 790]
Event: 0.069 Thread 0x0000000144809000 Exception <a 'java/lang/NoSuchMethodError'{0x0000000747e510e0}: 'java.lang.Object java.lang.invoke.DirectMethodHandle$Holder.invokeStatic(java.lang.Object, java.lang.Object)'> (0x0000000747e510e0) 
thrown [src/hotspot/share/interpreter/linkResolver.cpp, line 790]
Event: 0.071 Thread 0x0000000144809000 Exception <a 'java/lang/NoSuchMethodError'{0x0000000747e59f80}: 'int java.lang.invoke.DirectMethodHandle$Holder.invokeSpecial(java.lang.Object, java.lang.Object)'> (0x0000000747e59f80) 
thrown [src/hotspot/share/interpreter/linkResolver.cpp, line 790]
Event: 0.103 Thread 0x000000014381d800 Exception <a 'java/lang/NoSuchMethodError'{0x0000000747df5070}: 'java.lang.Object java.lang.invoke.DirectMethodHandle$Holder.invokeStatic(java.lang.Object)'> (0x0000000747df5070) 
thrown [src/hotspot/share/interpreter/linkResolver.cpp, line 790]
Event: 0.104 Thread 0x000000014381d800 Exception <a 'java/lang/NoSuchMethodError'{0x0000000747df87c0}: 'java.lang.Object java.lang.invoke.DirectMethodHandle$Holder.invokeStaticInit(java.lang.Object)'> (0x0000000747df87c0) 
thrown [src/hotspot/share/interpreter/linkResolver.cpp, line 790]
Event: 0.112 Thread 0x000000014381d800 Exception <a 'java/lang/NoSuchMethodError'{0x0000000747c088f8}: 'void java.lang.invoke.DirectMethodHandle$Holder.invokeStatic(java.lang.Object, java.lang.Object)'> (0x0000000747c088f8) 
thrown [src/hotspot/share/interpreter/linkResolver.cpp, line 790]
Event: 0.142 Thread 0x0000000144809000 Exception <a 'java/lang/NoSuchMethodError'{0x0000000747bec740}: 'int java.lang.invoke.DirectMethodHandle$Holder.invokeStatic(java.lang.Object, int)'> (0x0000000747bec740) 
thrown [src/hotspot/share/interpreter/linkResolver.cpp, line 790]
Event: 0.143 Thread 0x0000000144809000 Exception <a 'java/lang/NoSuchMethodError'{0x0000000747bf93a8}: 'java.lang.Object java.lang.invoke.DirectMethodHandle$Holder.newInvokeSpecial(java.lang.Object, java.lang.Object, java.lang.Object)'> (0x0000000747bf93a8) 
thrown [src/hotspot/share/interpreter/linkResolver.cpp, line 790]
Event: 0.143 Thread 0x0000000144809000 Exception <a 'java/lang/NoSuchMethodError'{0x0000000747bfd958}: 'java.lang.Object java.lang.invoke.DirectMethodHandle$Holder.invokeSpecial(java.lang.Object, java.lang.Object, java.lang.Object, java.lang.Object)'> (0x0000000747bfd958) 
thrown [src/hotspot/share/interpreter/linkResolver.cpp, line 790]
Event: 0.144 Thread 0x0000000144809000 Exception <a 'java/lang/NoSuchMethodError'{0x0000000747a01a08}: 'java.lang.Object java.lang.invoke.Invokers$Holder.linkToTargetMethod(java.lang.Object, java.lang.Object, java.lang.Object)'> (0x0000000747a01a08) 
thrown [src/hotspot/share/interpreter/linkResolver.cpp, line 790]
Event: 0.176 Thread 0x0000000144809000 Exception <a 'java/lang/NoSuchMethodError'{0x000000074793fd98}: 'java.lang.Object java.lang.invoke.DirectMethodHandle$Holder.newInvokeSpecial(java.lang.Object, java.lang.Object, java.lang.Object, java.lang.Object)'> (0x000000074793fd98) 
thrown [src/hotspot/share/interpreter/linkResolver.cpp, line 790]
Event: 0.176 Thread 0x0000000144809000 Exception <a 'java/lang/NoSuchMethodError'{0x0000000747947898}: 'java.lang.Object java.lang.invoke.Invokers$Holder.linkToTargetMethod(java.lang.Object, java.lang.Object, java.lang.Object, java.lang.Object)'> (0x0000000747947898) 
thrown [src/hotspot/share/interpreter/linkResolver.cpp, line 790]
Event: 0.183 Thread 0x0000000144809000 Exception <a 'java/lang/UnsatisfiedLinkError'{0x000000074796b480}> (0x000000074796b480) 
thrown [src/hotspot/share/prims/jvm.cpp, line 3639]
Event: 0.183 Thread 0x0000000144809000 Exception <a 'java/lang/UnsatisfiedLinkError'{0x000000074796b480}> (0x000000074796b480) 
thrown [src/hotspot/share/prims/jni.cpp, line 579]

Events (20 events):
Event: 0.182 loading class java/nio/file/attribute/PosixFileAttributeView done
Event: 0.182 loading class sun/nio/fs/UnixFileAttributeViews$Posix
Event: 0.182 loading class sun/nio/fs/UnixFileAttributeViews$Posix done
Event: 0.182 loading class sun/nio/fs/UnixFileModeAttribute
Event: 0.182 loading class sun/nio/fs/UnixFileModeAttribute done
Event: 0.182 loading class java/util/RegularEnumSet$EnumSetIterator
Event: 0.182 loading class java/util/RegularEnumSet$EnumSetIterator done
Event: 0.182 loading class sun/nio/fs/UnixFileModeAttribute$1
Event: 0.182 loading class sun/nio/fs/UnixFileModeAttribute$1 done
Event: 0.183 loading class java/io/DeleteOnExitHook
Event: 0.183 loading class java/io/DeleteOnExitHook done
Event: 0.183 loading class java/io/DeleteOnExitHook$1
Event: 0.183 loading class java/io/DeleteOnExitHook$1 done
Event: 0.183 loading class java/lang/Shutdown
Event: 0.183 loading class java/lang/Shutdown done
Event: 0.183 loading class java/lang/Shutdown$Lock
Event: 0.183 loading class java/lang/Shutdown$Lock done
Event: 0.183 loading class java/io/FileOutputStream$1
Event: 0.183 loading class java/io/FileOutputStream$1 done
Event: 0.183 Loading shared library /private/var/folders/9d/7yn7swp52_s_y8v0pbf_flwh0000gn/T/libjansi-1.17.1-15037203189319526479.jnilib failed, dlopen(/private/var/folders/9d/7yn7swp52_s_y8v0pbf_flwh0000gn/T/libjansi-1.17.1-15037203189319526479.jnilib, 1): no suitabl


Dynamic libraries:
0x000000018bbba000 	/usr/lib/libz.1.dylib
0x0000000104e18000 	/Users/yoonheesang/Library/Java/JavaVirtualMachines/liberica-16.0.1/lib/libjli.dylib
0x00000001960e5000 	/System/Library/Frameworks/Cocoa.framework/Versions/A/Cocoa
0x0000000183ffe000 	/System/Library/Frameworks/Security.framework/Versions/A/Security
0x0000000194451000 	/System/Library/Frameworks/ApplicationServices.framework/Versions/A/ApplicationServices
0x000000018bc60000 	/usr/lib/libSystem.B.dylib
0x000000018bc5a000 	/usr/lib/system/libcache.dylib
0x000000018bc19000 	/usr/lib/system/libcommonCrypto.dylib
0x000000018bc43000 	/usr/lib/system/libcompiler_rt.dylib
0x000000018bc3a000 	/usr/lib/system/libcopyfile.dylib
0x0000000181f74000 	/usr/lib/system/libcorecrypto.dylib
0x0000000182014000 	/usr/lib/system/libdispatch.dylib
0x00000001821cd000 	/usr/lib/system/libdyld.dylib
0x000000018bc50000 	/usr/lib/system/libkeymgr.dylib
0x000000018f083000 	/usr/lib/system/liblaunch.dylib
0x000000018bbfb000 	/usr/lib/system/libmacho.dylib
0x000000018b46d000 	/usr/lib/system/libquarantine.dylib
0x000000018bc4d000 	/usr/lib/system/libremovefile.dylib
0x0000000186a5e000 	/usr/lib/system/libsystem_asl.dylib
0x0000000181f22000 	/usr/lib/system/libsystem_blocks.dylib
0x0000000182096000 	/usr/lib/system/libsystem_c.dylib
0x000000018bc47000 	/usr/lib/system/libsystem_collections.dylib
0x000000018aaa7000 	/usr/lib/system/libsystem_configuration.dylib
0x0000000189e29000 	/usr/lib/system/libsystem_containermanager.dylib
0x000000018b9d0000 	/usr/lib/system/libsystem_coreservices.dylib
0x00000001845d7000 	/usr/lib/system/libsystem_darwin.dylib
0x000000018bc51000 	/usr/lib/system/libsystem_dnssd.dylib
0x0000000182093000 	/usr/lib/system/libsystem_featureflags.dylib
0x0000000182216000 	/usr/lib/system/libsystem_info.dylib
0x000000018bbcc000 	/usr/lib/system/libsystem_m.dylib
0x0000000181fe8000 	/usr/lib/system/libsystem_malloc.dylib
0x00000001869f9000 	/usr/lib/system/libsystem_networkextension.dylib
0x0000000184a1a000 	/usr/lib/system/libsystem_notify.dylib
0x0000000191535000 	/usr/lib/system/libsystem_product_info_filter.dylib
0x000000018aaac000 	/usr/lib/system/libsystem_sandbox.dylib
0x000000018bc4a000 	/usr/lib/system/libsystem_secinit.dylib
0x000000018218c000 	/usr/lib/system/libsystem_kernel.dylib
0x000000018220f000 	/usr/lib/system/libsystem_platform.dylib
0x00000001821c0000 	/usr/lib/system/libsystem_pthread.dylib
0x0000000187fce000 	/usr/lib/system/libsystem_symptoms.dylib
0x0000000181f5c000 	/usr/lib/system/libsystem_trace.dylib
0x000000018bc27000 	/usr/lib/system/libunwind.dylib
0x0000000181f24000 	/usr/lib/system/libxpc.dylib
0x0000000182174000 	/usr/lib/libc++abi.dylib
0x0000000182059000 	/usr/lib/libobjc.A.dylib
0x000000018bc32000 	/usr/lib/liboah.dylib
0x0000000182118000 	/usr/lib/libc++.1.dylib
0x0000000182242000 	/System/Library/Frameworks/CoreFoundation.framework/Versions/A/CoreFoundation
0x000000018300a000 	/System/Library/Frameworks/Foundation.framework/Versions/C/Foundation
0x0000000184a74000 	/System/Library/Frameworks/AppKit.framework/Versions/C/AppKit
0x0000000187897000 	/System/Library/Frameworks/CoreData.framework/Versions/A/CoreData
0x00000001857b6000 	/System/Library/PrivateFrameworks/UIFoundation.framework/Versions/A/UIFoundation
0x00000001912c7000 	/System/Library/PrivateFrameworks/RemoteViewServices.framework/Versions/A/RemoteViewServices
0x000000018a4da000 	/System/Library/PrivateFrameworks/XCTTargetBootstrap.framework/Versions/A/XCTTargetBootstrap
0x000000018ce1a000 	/usr/lib/libspindump.dylib
0x00000001859dd000 	/System/Library/Frameworks/UniformTypeIdentifiers.framework/Versions/A/UniformTypeIdentifiers
0x0000000188ac2000 	/usr/lib/libapp_launch_measurement.dylib
0x0000000188ac5000 	/System/Library/PrivateFrameworks/CoreAutoLayout.framework/Versions/A/CoreAutoLayout
0x0000000189e57000 	/System/Library/Frameworks/Metal.framework/Versions/A/Metal
0x000000018aab7000 	/usr/lib/liblangid.dylib
0x000000018a4de000 	/System/Library/PrivateFrameworks/CoreSVG.framework/Versions/A/CoreSVG
0x0000000186a90000 	/System/Library/PrivateFrameworks/SkyLight.framework/Versions/A/SkyLight
0x0000000186dfe000 	/System/Library/Frameworks/CoreGraphics.framework/Versions/A/CoreGraphics
0x00000001917e7000 	/System/Library/Frameworks/Accelerate.framework/Versions/A/Accelerate
0x000000018c874000 	/System/Library/PrivateFrameworks/IconServices.framework/Versions/A/IconServices
0x0000000189e3b000 	/System/Library/Frameworks/IOSurface.framework/Versions/A/IOSurface
0x0000000188166000 	/usr/lib/libDiagnosticMessagesClient.dylib
0x000000018a4c2000 	/System/Library/PrivateFrameworks/DFRFoundation.framework/Versions/A/DFRFoundation
0x0000000184365000 	/usr/lib/libicucore.A.dylib
0x000000018e36d000 	/System/Library/Frameworks/AudioToolbox.framework/Versions/A/AudioToolbox
0x000000018d580000 	/System/Library/PrivateFrameworks/DataDetectorsCore.framework/Versions/A/DataDetectorsCore
0x0000000186a0b000 	/usr/lib/libMobileGestalt.dylib
0x000000018a1b7000 	/System/Library/Frameworks/Carbon.framework/Versions/A/Frameworks/HIToolbox.framework/Versions/A/HIToolbox
0x0000000188561000 	/System/Library/Frameworks/QuartzCore.framework/Versions/A/QuartzCore
0x00000001912ff000 	/System/Library/Frameworks/Carbon.framework/Versions/A/Frameworks/SpeechRecognition.framework/Versions/A/SpeechRecognition
0x0000000188860000 	/System/Library/PrivateFrameworks/CoreUI.framework/Versions/A/CoreUI
0x00000001839e3000 	/System/Library/Frameworks/CoreAudio.framework/Versions/A/CoreAudio
0x000000018824f000 	/System/Library/Frameworks/DiskArbitration.framework/Versions/A/DiskArbitration
0x000000018d1cd000 	/System/Library/PrivateFrameworks/MultitouchSupport.framework/Versions/A/MultitouchSupport
0x000000018d577000 	/System/Library/PrivateFrameworks/InternationalSupport.framework/Versions/A/InternationalSupport
0x0000000186a09000 	/usr/lib/libenergytrace.dylib
0x000000018494e000 	/System/Library/Frameworks/IOKit.framework/Versions/A/IOKit
0x000000019162a000 	/System/Library/Frameworks/CoreServices.framework/Versions/A/CoreServices
0x0000000188a58000 	/System/Library/PrivateFrameworks/PerformanceAnalysis.framework/Versions/A/PerformanceAnalysis
0x00000001c4283000 	/System/Library/Frameworks/OpenGL.framework/Versions/A/OpenGL
0x000000018d5f5000 	/System/Library/PrivateFrameworks/UserActivity.framework/Versions/A/UserActivity
0x00000001873ec000 	/System/Library/Frameworks/ColorSync.framework/Versions/A/ColorSync
0x000000018a729000 	/System/Library/Frameworks/CoreImage.framework/Versions/A/CoreImage
0x0000000183813000 	/System/Library/Frameworks/CoreText.framework/Versions/A/CoreText
0x000000018a509000 	/System/Library/Frameworks/ImageIO.framework/Versions/A/ImageIO
0x000000018bc66000 	/System/Library/PrivateFrameworks/SoftLinking.framework/Versions/A/SoftLinking
0x0000000188b08000 	/usr/lib/libxml2.2.dylib
0x000000018bee6000 	/usr/lib/libcompression.dylib
0x000000018d4c3000 	/System/Library/PrivateFrameworks/TextureIO.framework/Versions/A/TextureIO
0x000000018c5d1000 	/usr/lib/libate.dylib
0x000000018c41a000 	/usr/lib/liblzma.5.dylib
0x0000000182d1f000 	/System/Library/Frameworks/SystemConfiguration.framework/Versions/A/SystemConfiguration
0x000000018bc62000 	/usr/lib/libfakelink.dylib
0x0000000186570000 	/System/Library/Frameworks/CFNetwork.framework/Versions/A/CFNetwork
0x000000018bdac000 	/usr/lib/libarchive.2.dylib
0x0000000182da7000 	/usr/lib/libCRFSuite.dylib
0x000000018b497000 	/usr/lib/libbsm.0.dylib
0x0000000185e27000 	/usr/lib/libnetwork.dylib
0x000000018bc67000 	/usr/lib/libpcap.A.dylib
0x0000000187fc6000 	/usr/lib/libdns_services.dylib
0x000000018c433000 	/usr/lib/libcoretls_cfhelpers.dylib
0x000000018beb5000 	/usr/lib/libapple_nghttp2.dylib
0x000000018bc01000 	/usr/lib/system/libkxld.dylib
0x0000000187c57000 	/usr/lib/libsqlite3.dylib
0x000000018b9b3000 	/System/Library/PrivateFrameworks/AppleFSCompression.framework/Versions/A/AppleFSCompression
0x000000018b480000 	/usr/lib/libcoretls.dylib
0x000000018bee1000 	/usr/lib/libpam.2.dylib
0x000000018c51a000 	/usr/lib/libxar.1.dylib
0x000000018aab3000 	/System/Library/PrivateFrameworks/AppleSystemInfo.framework/Versions/A/AppleSystemInfo
0x000000018b0d0000 	/System/Library/PrivateFrameworks/IOMobileFramebuffer.framework/Versions/A/IOMobileFramebuffer
0x000000018b9c3000 	/usr/lib/libbz2.1.0.dylib
0x000000018bca3000 	/usr/lib/libiconv.2.dylib
0x000000018bbfa000 	/usr/lib/libcharset.1.dylib
0x0000000188a91000 	/System/Library/Frameworks/CoreServices.framework/Versions/A/Frameworks/FSEvents.framework/Versions/A/FSEvents
0x00000001845e2000 	/System/Library/Frameworks/CoreServices.framework/Versions/A/Frameworks/CarbonCore.framework/Versions/A/CarbonCore
0x00000001881b5000 	/System/Library/Frameworks/CoreServices.framework/Versions/A/Frameworks/Metadata.framework/Versions/A/Metadata
0x000000018b9d5000 	/System/Library/Frameworks/CoreServices.framework/Versions/A/Frameworks/OSServices.framework/Versions/A/OSServices
0x000000018be1d000 	/System/Library/Frameworks/CoreServices.framework/Versions/A/Frameworks/SearchKit.framework/Versions/A/SearchKit
0x0000000187f52000 	/System/Library/Frameworks/CoreServices.framework/Versions/A/Frameworks/AE.framework/Versions/A/AE
0x00000001826f1000 	/System/Library/Frameworks/CoreServices.framework/Versions/A/Frameworks/LaunchServices.framework/Versions/A/LaunchServices
0x000000018c3c7000 	/System/Library/Frameworks/CoreServices.framework/Versions/A/Frameworks/DictionaryServices.framework/Versions/A/DictionaryServices
0x0000000188a9e000 	/System/Library/Frameworks/CoreServices.framework/Versions/A/Frameworks/SharedFileList.framework/Versions/A/SharedFileList
0x000000018b470000 	/usr/lib/libCheckFix.dylib
0x0000000186a76000 	/System/Library/PrivateFrameworks/TCC.framework/Versions/A/TCC
0x000000018aab9000 	/System/Library/PrivateFrameworks/CoreNLP.framework/Versions/A/CoreNLP
0x0000000188169000 	/System/Library/PrivateFrameworks/MetadataUtilities.framework/Versions/A/MetadataUtilities
0x0000000182ddb000 	/usr/lib/libmecabra.dylib
0x000000018b756000 	/System/Library/Frameworks/MLCompute.framework/Versions/A/MLCompute
0x000000018b4a8000 	/usr/lib/libmecab.dylib
0x000000018b4ee000 	/usr/lib/libgermantok.dylib
0x000000018be8e000 	/usr/lib/libThaiTokenizer.dylib
0x000000018c556000 	/usr/lib/libChineseTokenizer.dylib
0x000000018bedf000 	/System/Library/Frameworks/MetalPerformanceShaders.framework/Versions/A/MetalPerformanceShaders
0x0000000188256000 	/System/Library/Frameworks/Accelerate.framework/Versions/A/Frameworks/vImage.framework/Versions/A/vImage
0x0000000191608000 	/System/Library/Frameworks/Accelerate.framework/Versions/A/Frameworks/vecLib.framework/Versions/A/vecLib
0x000000018c561000 	/System/Library/Frameworks/Accelerate.framework/Versions/A/Frameworks/vecLib.framework/Versions/A/libvMisc.dylib
0x000000018b00e000 	/System/Library/Frameworks/Accelerate.framework/Versions/A/Frameworks/vecLib.framework/Versions/A/libvDSP.dylib
0x0000000182a05000 	/System/Library/Frameworks/Accelerate.framework/Versions/A/Frameworks/vecLib.framework/Versions/A/libBLAS.dylib
0x000000018bf0a000 	/System/Library/Frameworks/Accelerate.framework/Versions/A/Frameworks/vecLib.framework/Versions/A/libLAPACK.dylib
0x000000018b4f3000 	/System/Library/Frameworks/Accelerate.framework/Versions/A/Frameworks/vecLib.framework/Versions/A/libLinearAlgebra.dylib
0x000000018becc000 	/System/Library/Frameworks/Accelerate.framework/Versions/A/Frameworks/vecLib.framework/Versions/A/libSparseBLAS.dylib
0x000000018bf05000 	/System/Library/Frameworks/Accelerate.framework/Versions/A/Frameworks/vecLib.framework/Versions/A/libQuadrature.dylib
0x000000018ab4f000 	/System/Library/Frameworks/Accelerate.framework/Versions/A/Frameworks/vecLib.framework/Versions/A/libBNNS.dylib
0x0000000182cbb000 	/System/Library/Frameworks/Accelerate.framework/Versions/A/Frameworks/vecLib.framework/Versions/A/libSparse.dylib
0x000000018aa42000 	/System/Library/Frameworks/MetalPerformanceShaders.framework/Versions/A/Frameworks/MPSCore.framework/Versions/A/MPSCore
0x000000018b92b000 	/System/Library/Frameworks/MetalPerformanceShaders.framework/Versions/A/Frameworks/MPSImage.framework/Versions/A/MPSImage
0x000000018b508000 	/System/Library/Frameworks/MetalPerformanceShaders.framework/Versions/A/Frameworks/MPSNeuralNetwork.framework/Versions/A/MPSNeuralNetwork
0x000000018b8a9000 	/System/Library/Frameworks/MetalPerformanceShaders.framework/Versions/A/Frameworks/MPSMatrix.framework/Versions/A/MPSMatrix
0x000000018b70c000 	/System/Library/Frameworks/MetalPerformanceShaders.framework/Versions/A/Frameworks/MPSRayIntersector.framework/Versions/A/MPSRayIntersector
0x000000018b8d8000 	/System/Library/Frameworks/MetalPerformanceShaders.framework/Versions/A/Frameworks/MPSNDArray.framework/Versions/A/MPSNDArray
0x000000018292a000 	/System/Library/PrivateFrameworks/MetalTools.framework/Versions/A/MetalTools
0x000000018aab1000 	/System/Library/PrivateFrameworks/AggregateDictionary.framework/Versions/A/AggregateDictionary
0x0000000188133000 	/System/Library/PrivateFrameworks/CoreAnalytics.framework/Versions/A/CoreAnalytics
0x000000018be90000 	/System/Library/PrivateFrameworks/AppleSauce.framework/Versions/A/AppleSauce
0x0000000189e4d000 	/System/Library/PrivateFrameworks/IOAccelerator.framework/Versions/A/IOAccelerator
0x00000001c4276000 	/System/Library/Frameworks/OpenGL.framework/Versions/A/Libraries/libCoreFSCache.dylib
0x0000000183397000 	/System/Library/PrivateFrameworks/LanguageModeling.framework/Versions/A/LanguageModeling
0x000000018b0bd000 	/System/Library/PrivateFrameworks/CoreEmoji.framework/Versions/A/CoreEmoji
0x000000018ab47000 	/System/Library/PrivateFrameworks/LinguisticData.framework/Versions/A/LinguisticData
0x0000000182c70000 	/System/Library/PrivateFrameworks/Lexicon.framework/Versions/A/Lexicon
0x000000018bd99000 	/usr/lib/libcmph.dylib
0x0000000188a71000 	/System/Library/Frameworks/OpenDirectory.framework/Versions/A/Frameworks/CFOpenDirectory.framework/Versions/A/CFOpenDirectory
0x0000000188a63000 	/System/Library/Frameworks/OpenDirectory.framework/Versions/A/OpenDirectory
0x000000018c435000 	/System/Library/PrivateFrameworks/APFS.framework/Versions/A/APFS
0x000000018b3d9000 	/System/Library/Frameworks/SecurityFoundation.framework/Versions/A/SecurityFoundation
0x000000018c528000 	/usr/lib/libutil.dylib
0x0000000184912000 	/System/Library/PrivateFrameworks/CoreServicesStore.framework/Versions/A/CoreServicesStore
0x000000018b467000 	/System/Library/Frameworks/ServiceManagement.framework/Versions/A/ServiceManagement
0x000000018c52c000 	/usr/lib/libxslt.1.dylib
0x000000018b45d000 	/System/Library/PrivateFrameworks/BackgroundTaskManagement.framework/Versions/A/BackgroundTaskManagement
0x000000018d412000 	/System/Library/Frameworks/ImageIO.framework/Versions/A/Resources/libRadiance.dylib
0x000000018d41b000 	/System/Library/Frameworks/ImageIO.framework/Versions/A/Resources/libJPEG.dylib
0x000000018d36a000 	/System/Library/Frameworks/ImageIO.framework/Versions/A/Resources/libPng.dylib
0x000000018d391000 	/System/Library/Frameworks/ImageIO.framework/Versions/A/Resources/libTIFF.dylib
0x000000018d46c000 	/System/Library/Frameworks/ImageIO.framework/Versions/A/Resources/libGIF.dylib
0x000000018d0e7000 	/System/Library/Frameworks/ImageIO.framework/Versions/A/Resources/libJP2.dylib
0x000000018c83e000 	/usr/lib/libexpat.1.dylib
0x000000018d0a3000 	/System/Library/PrivateFrameworks/AppleJPEG.framework/Versions/A/AppleJPEG
0x000000018a05e000 	/System/Library/PrivateFrameworks/FontServices.framework/libFontParser.dylib
0x0000000187f04000 	/System/Library/PrivateFrameworks/RunningBoardServices.framework/Versions/A/RunningBoardServices
0x000000019661c000 	/System/Library/PrivateFrameworks/IOSurfaceAccelerator.framework/Versions/A/IOSurfaceAccelerator
0x000000018d1c9000 	/System/Library/PrivateFrameworks/WatchdogClient.framework/Versions/A/WatchdogClient
0x0000000183487000 	/System/Library/Frameworks/CoreDisplay.framework/Versions/A/CoreDisplay
0x0000000189f66000 	/System/Library/Frameworks/CoreMedia.framework/Versions/A/CoreMedia
0x0000000188bf5000 	/System/Library/Frameworks/CoreVideo.framework/Versions/A/CoreVideo
0x000000018d206000 	/System/Library/Frameworks/VideoToolbox.framework/Versions/A/VideoToolbox
0x0000000187e81000 	/System/Library/PrivateFrameworks/BaseBoard.framework/Versions/A/BaseBoard
0x000000018c97b000 	/System/Library/PrivateFrameworks/PersistentConnection.framework/Versions/A/PersistentConnection
0x0000000187c40000 	/System/Library/PrivateFrameworks/ProtocolBuffer.framework/Versions/A/ProtocolBuffer
0x0000000187e6a000 	/System/Library/PrivateFrameworks/CommonUtilities.framework/Versions/A/CommonUtilities
0x000000018d068000 	/System/Library/PrivateFrameworks/Bom.framework/Versions/A/Bom
0x000000018d40d000 	/System/Library/PrivateFrameworks/GPUWrangler.framework/Versions/A/GPUWrangler
0x000000018d3ee000 	/System/Library/PrivateFrameworks/IOPresentment.framework/Versions/A/IOPresentment
0x000000018d415000 	/System/Library/PrivateFrameworks/DSExternalDisplay.framework/Versions/A/DSExternalDisplay
0x000000018d471000 	/System/Library/PrivateFrameworks/CMCaptureCore.framework/Versions/A/CMCaptureCore
0x000000018ce03000 	/System/Library/PrivateFrameworks/AppServerSupport.framework/Versions/A/AppServerSupport
0x000000018ee3d000 	/System/Library/PrivateFrameworks/perfdata.framework/Versions/A/perfdata
0x000000018b3c9000 	/System/Library/PrivateFrameworks/AssertionServices.framework/Versions/A/AssertionServices
0x00000001835aa000 	/System/Library/PrivateFrameworks/AudioToolboxCore.framework/Versions/A/AudioToolboxCore
0x0000000189f46000 	/System/Library/PrivateFrameworks/caulk.framework/Versions/A/caulk
0x000000019dc69000 	/System/Library/PrivateFrameworks/SystemPolicy.framework/Versions/A/SystemPolicy
0x000000018c663000 	/usr/lib/libIOReport.dylib
0x000000018e6d9000 	/usr/lib/libSMC.dylib
0x000000018d337000 	/usr/lib/libAudioToolboxUtility.dylib
0x000000019e5f6000 	/usr/lib/libmis.dylib
0x00000001c42d8000 	/System/Library/Frameworks/OpenGL.framework/Versions/A/Libraries/libGLU.dylib
0x00000001c4296000 	/System/Library/Frameworks/OpenGL.framework/Versions/A/Libraries/libGFXShared.dylib
0x00000001c447e000 	/System/Library/Frameworks/OpenGL.framework/Versions/A/Libraries/libGL.dylib
0x00000001c429f000 	/System/Library/Frameworks/OpenGL.framework/Versions/A/Libraries/libGLImage.dylib
0x00000001c4293000 	/System/Library/Frameworks/OpenGL.framework/Versions/A/Libraries/libCVMSPluginSupport.dylib
0x00000001c427d000 	/System/Library/Frameworks/OpenGL.framework/Versions/A/Libraries/libCoreVMClient.dylib
0x0000000195156000 	/System/Library/PrivateFrameworks/ASEProcessing.framework/Versions/A/ASEProcessing
0x000000018c9a2000 	/System/Library/PrivateFrameworks/GraphVisualizer.framework/Versions/A/GraphVisualizer
0x000000018c9b0000 	/System/Library/PrivateFrameworks/FaceCore.framework/Versions/A/FaceCore
0x000000018cdc3000 	/System/Library/PrivateFrameworks/OTSVG.framework/Versions/A/OTSVG
0x000000018881e000 	/System/Library/Frameworks/ApplicationServices.framework/Versions/A/Frameworks/ATS.framework/Versions/A/Resources/libFontRegistry.dylib
0x000000018ce0b000 	/System/Library/PrivateFrameworks/FontServices.framework/libhvf.dylib
0x00000001c4619000 	/System/Library/Frameworks/OpenCL.framework/Versions/A/OpenCL
0x000000018c7f2000 	/System/Library/PrivateFrameworks/AppleVA.framework/Versions/A/AppleVA
0x000000018e525000 	/System/Library/Frameworks/ApplicationServices.framework/Versions/A/Frameworks/ATS.framework/Versions/A/ATS
0x000000018e838000 	/System/Library/Frameworks/ApplicationServices.framework/Versions/A/Frameworks/ColorSyncLegacy.framework/Versions/A/ColorSyncLegacy
0x00000001874e2000 	/System/Library/Frameworks/ApplicationServices.framework/Versions/A/Frameworks/HIServices.framework/Versions/A/HIServices
0x000000018e817000 	/System/Library/Frameworks/ApplicationServices.framework/Versions/A/Frameworks/LangAnalysis.framework/Versions/A/LangAnalysis
0x000000018d47b000 	/System/Library/Frameworks/ApplicationServices.framework/Versions/A/Frameworks/PrintCore.framework/Versions/A/PrintCore
0x000000018e840000 	/System/Library/Frameworks/ApplicationServices.framework/Versions/A/Frameworks/QD.framework/Versions/A/QD
0x000000018e511000 	/System/Library/Frameworks/ApplicationServices.framework/Versions/A/Frameworks/SpeechSynthesis.framework/Versions/A/SpeechSynthesis
0x000000018d43c000 	/System/Library/Frameworks/ApplicationServices.framework/Versions/A/Frameworks/ATSUI.framework/Versions/A/ATSUI
0x000000018e7b9000 	/usr/lib/libcups.2.dylib
0x000000018e82b000 	/System/Library/PrivateFrameworks/NetAuth.framework/Versions/A/NetAuth
0x000000018ee57000 	/System/Library/Frameworks/Kerberos.framework/Versions/A/Kerberos
0x000000018ee68000 	/System/Library/Frameworks/GSS.framework/Versions/A/GSS
0x000000018e594000 	/usr/lib/libresolv.9.dylib
0x000000018ce21000 	/System/Library/PrivateFrameworks/Heimdal.framework/Versions/A/Heimdal
0x0000000194741000 	/System/Library/Frameworks/Kerberos.framework/Versions/A/Libraries/libHeimdalProxy.dylib
0x0000000187fd6000 	/System/Library/Frameworks/Network.framework/Versions/A/Network
0x000000018c858000 	/usr/lib/libheimdal-asn1.dylib
0x000000018eeb0000 	/System/Library/PrivateFrameworks/CommonAuth.framework/Versions/A/CommonAuth
0x0000000188c49000 	/System/Library/PrivateFrameworks/login.framework/Versions/A/Frameworks/loginsupport.framework/Versions/A/loginsupport
0x000000018e496000 	/System/Library/PrivateFrameworks/AudioSession.framework/Versions/A/AudioSession
0x000000018e4fe000 	/usr/lib/libAudioStatistics.dylib
0x000000018c8d8000 	/System/Library/PrivateFrameworks/MediaExperience.framework/Versions/A/MediaExperience
0x000000018e337000 	/System/Library/PrivateFrameworks/AudioSession.framework/libSessionUtility.dylib
0x000000018ee49000 	/usr/lib/libperfcheck.dylib
0x000000018e84c000 	/System/Library/PrivateFrameworks/AudioResourceArbitration.framework/Versions/A/AudioResourceArbitration
0x000000018c861000 	/System/Library/PrivateFrameworks/IconFoundation.framework/Versions/A/IconFoundation
0x00000001912ef000 	/System/Library/PrivateFrameworks/SpeechRecognitionCore.framework/Versions/A/SpeechRecognitionCore
0x00000001bdbc8000 	/System/Library/CoreServices/Encodings/libKoreanConverter.dylib
0x0000000109800000 	/Users/yoonheesang/Library/Java/JavaVirtualMachines/liberica-16.0.1/lib/server/libjvm.dylib
0x0000000104e7c000 	/Users/yoonheesang/Library/Java/JavaVirtualMachines/liberica-16.0.1/lib/libjimage.dylib
0x0000000104e98000 	/Users/yoonheesang/Library/Java/JavaVirtualMachines/liberica-16.0.1/lib/libinstrument.dylib
0x0000000104eb0000 	/Users/yoonheesang/Library/Java/JavaVirtualMachines/liberica-16.0.1/lib/libjava.dylib
0x0000000104f4c000 	/Users/yoonheesang/Library/Java/JavaVirtualMachines/liberica-16.0.1/lib/libzip.dylib
0x0000000104f64000 	/Users/yoonheesang/Library/Java/JavaVirtualMachines/liberica-16.0.1/lib/libnio.dylib
0x00000001056dc000 	/Users/yoonheesang/Library/Java/JavaVirtualMachines/liberica-16.0.1/lib/libnet.dylib
0x0000000127b84000 	/Users/yoonheesang/Library/Java/JavaVirtualMachines/liberica-16.0.1/lib/libextnet.dylib
0x0000000127b98000 	/Users/yoonheesang/Library/Java/JavaVirtualMachines/liberica-16.0.1/lib/libverify.dylib


VM Arguments:
jvm_args: -Dmaven.multiModuleProjectDirectory=/Users/yoonheesang/Documents/tmax-msa/user-service -Dmaven.home=/Applications/IntelliJ IDEA.app/Contents/plugins/maven/lib/maven3 -Dclassworlds.conf=/Applications/IntelliJ IDEA.app/Contents/plugins/maven/lib/maven3/bin/m2.conf -Dmaven.ext.class.path=/Applications/IntelliJ IDEA.app/Contents/plugins/maven/lib/maven-event-listener.jar -javaagent:/Applications/IntelliJ IDEA.app/Contents/lib/idea_rt.jar=58903:/Applications/IntelliJ IDEA.app/Contents/bin -Dfile.encoding=UTF-8 
java_command: org.codehaus.classworlds.Launcher -Didea.version=2021.1.3 compile
java_class_path (initial): /Applications/IntelliJ IDEA.app/Contents/plugins/maven/lib/maven3/boot/plexus-classworlds.license:/Applications/IntelliJ IDEA.app/Contents/plugins/maven/lib/maven3/boot/plexus-classworlds-2.6.0.jar
Launcher Type: SUN_STANDARD

[Global flags]
     intx CICompilerCount                          = 4                                         {product} {ergonomic}
     uint ConcGCThreads                            = 2                                         {product} {ergonomic}
     uint G1ConcRefinementThreads                  = 8                                         {product} {ergonomic}
   size_t G1HeapRegionSize                         = 1048576                                   {product} {ergonomic}
    uintx GCDrainStackTargetSize                   = 64                                        {product} {ergonomic}
   size_t InitialHeapSize                          = 134217728                                 {product} {ergonomic}
   size_t MarkStackSize                            = 4194304                                   {product} {ergonomic}
   size_t MaxHeapSize                              = 2147483648                                {product} {ergonomic}
   size_t MaxNewSize                               = 1287651328                                {product} {ergonomic}
   size_t MinHeapDeltaBytes                        = 1048576                                   {product} {ergonomic}
   size_t MinHeapSize                              = 8388608                                   {product} {ergonomic}
    uintx NonNMethodCodeHeapSize                   = 5839564                                {pd product} {ergonomic}
    uintx NonProfiledCodeHeapSize                  = 122909338                              {pd product} {ergonomic}
    uintx ProfiledCodeHeapSize                     = 122909338                              {pd product} {ergonomic}
    uintx ReservedCodeCacheSize                    = 251658240                              {pd product} {ergonomic}
     bool SegmentedCodeCache                       = true                                      {product} {ergonomic}
   size_t SoftMaxHeapSize                          = 2147483648                             {manageable} {ergonomic}
     bool UseCompressedClassPointers               = true                           {product lp64_product} {ergonomic}
     bool UseCompressedOops                        = true                           {product lp64_product} {ergonomic}
     bool UseG1GC                                  = true                                      {product} {ergonomic}
     bool UseNUMA                                  = false                                     {product} {ergonomic}
     bool UseNUMAInterleaving                      = false                                     {product} {ergonomic}

Logging:
Log output configuration:
 #0: stdout all=warning uptime,level,tags
 #1: stderr all=off uptime,level,tags

Environment Variables:
PATH=/usr/local/bin:/usr/bin:/bin:/usr/sbin:/sbin:/Library/Apple/usr/bin
SHELL=/bin/bash
LC_CTYPE=ko_KR.UTF-8

Signal Handlers:
SIGSEGV: [libjvm.dylib+0x9bfc08], sa_mask[0]=11100110000111110111111111111111, sa_flags=SA_ONSTACK|SA_RESTART|SA_SIGINFO
SIGBUS: [libjvm.dylib+0x9bfc08], sa_mask[0]=11100110000111110111111111111111, sa_flags=SA_RESTART|SA_SIGINFO
SIGFPE: [libjvm.dylib+0x9bfc08], sa_mask[0]=11100110000111110111111111111111, sa_flags=SA_RESTART|SA_SIGINFO
SIGPIPE: [libjvm.dylib+0x8a7180], sa_mask[0]=11100110000111110111111111111111, sa_flags=SA_RESTART|SA_SIGINFO
SIGXFSZ: [libjvm.dylib+0x8a7180], sa_mask[0]=11100110000111110111111111111111, sa_flags=SA_RESTART|SA_SIGINFO
SIGILL: [libjvm.dylib+0x9bfc08], sa_mask[0]=11100110000111110111111111111111, sa_flags=SA_RESTART|SA_SIGINFO
SIGUSR2: [libjvm.dylib+0x8a7bb8], sa_mask[0]=00100000000000000000000000000000, sa_flags=SA_RESTART|SA_SIGINFO
SIGHUP: [libjvm.dylib+0x8a6230], sa_mask[0]=11100110000111110111111111111111, sa_flags=SA_RESTART|SA_SIGINFO
SIGINT: [libjvm.dylib+0x8a6230], sa_mask[0]=11100110000111110111111111111111, sa_flags=SA_RESTART|SA_SIGINFO
SIGTERM: [libjvm.dylib+0x8a6230], sa_mask[0]=11100110000111110111111111111111, sa_flags=SA_RESTART|SA_SIGINFO
SIGQUIT: [libjvm.dylib+0x8a6230], sa_mask[0]=11100110000111110111111111111111, sa_flags=SA_RESTART|SA_SIGINFO
SIGTRAP: [libjvm.dylib+0x9bfc08], sa_mask[0]=11100110000111110111111111111111, sa_flags=SA_RESTART|SA_SIGINFO


---------------  S Y S T E M  ---------------

OS:uname: Darwin 20.6.0 Darwin Kernel Version 20.6.0: Wed Jun 23 00:26:27 PDT 2021; root:xnu-7195.141.2~5/RELEASE_ARM64_T8101 arm64
OS uptime: 3 days 7:05 hours
rlimit (soft/hard): STACK 8176k/65520k , CORE 0k/infinity , NPROC 1333/2000 , NOFILE 10240/infinity , AS infinity/infinity , CPU infinity/infinity , DATA infinity/infinity , FSIZE infinity/infinity , MEMLOCK infinity/infinity , RSS infinity/infinity
load average: 3.37 4.02 4.30

CPU: total 8 (initial active 8) 0x61:0x0:0x1b588bb3:0, simd, crc, lse

Memory: 16k page, physical 8388608k(101376k free), swap 3145728k(898816k free)

vm_info: OpenJDK 64-Bit Server VM (16.0.1+9) for bsd-aarch64 JRE (16.0.1+9), built on Apr 20 2021 15:40:52 by "bellsoft" with clang Apple LLVM 12.0.0 (clang-1200.0.32.28)

END.
